<?xml version="1.0" encoding="UTF-8"?>
<!-- Generated by org.testng.reporters.JUnitReportReporter -->
<testsuite hostname="C02WL081HTD8" name="example.NewTest" tests="1" failures="0" timestamp="10 Feb 2019 16:36:13 GMT" time="11.757" errors="0">
  <testcase name="testEasy" time="11.757" classname="example.NewTest"/>
</testsuite> <!-- example.NewTest -->
